#
# A fatal error has been detected by the Java Runtime Environment:
#
#  Internal Error (javaClasses.cpp:136), pid=2472, tid=5672
#  fatal error: Invalid layout of preloaded class
#
# JRE version:  (7.0_60-b19) (build )
# Java VM: Java HotSpot(TM) Client VM (24.60-b09 mixed mode windows-x86 )
# Failed to write core dump. Minidumps are not enabled by default on client versions of Windows
#
# If you would like to submit a bug report, please visit:
#   http://bugreport.sun.com/bugreport/crash.jsp
#

---------------  T H R E A D  ---------------

Current thread (0x020cc000):  JavaThread "Unknown thread" [_thread_in_vm, id=5672, stack(0x01d60000,0x01db0000)]

Stack: [0x01d60000,0x01db0000],  sp=0x01daf560,  free space=317k
Native frames: (J=compiled Java code, j=interpreted, Vv=VM code, C=native code)
V  [jvm.dll+0x190231]
V  [jvm.dll+0x189ec6]
V  [jvm.dll+0x35aba]
V  [jvm.dll+0x35b46]
V  [jvm.dll+0x4438d]
V  [jvm.dll+0x4463e]
V  [jvm.dll+0x92d3a]
V  [jvm.dll+0x930eb]
V  [jvm.dll+0x13f7c1]
V  [jvm.dll+0x1624ac]
V  [jvm.dll+0xc9b3f]
C  [javaw.exe+0x13ce]
C  [javaw.exe+0x1e40]
C  [javaw.exe+0xa5e1]
C  [javaw.exe+0xa66b]
C  [KERNEL32.DLL+0x17ad]
C  [ntdll.dll+0x3db0e]
C  [ntdll.dll+0x3dae7]


---------------  P R O C E S S  ---------------

Java Threads: ( => current thread )

Other Threads:

=>0x020cc000 (exited) JavaThread "Unknown thread" [_thread_in_vm, id=5672, stack(0x01d60000,0x01db0000)]

VM state:not at safepoint (not fully initialized)

VM Mutex/Monitor currently owned by a thread: None

GC Heap History (0 events):
No events

Deoptimization events (0 events):
No events

Internal exceptions (0 events):
No events

Events (10 events):
Event: 0.030 loading class 0x01f1acb0 done
Event: 0.030 loading class 0x01f1a740 done
Event: 0.030 loading class 0x01f1a720
Event: 0.030 loading class 0x01f21a90
Event: 0.031 loading class 0x01f21a90 done
Event: 0.031 loading class 0x01f21ac0
Event: 0.031 loading class 0x01f21ac0 done
Event: 0.031 loading class 0x01f21af0
Event: 0.031 loading class 0x01f21af0 done
Event: 0.031 loading class 0x01f1a720 done


Dynamic libraries:
0x00cb0000 - 0x00cdf000 	C:\Program Files\Java\jre7\bin\javaw.exe
0x77c90000 - 0x77df5000 	C:\Windows\SYSTEM32\ntdll.dll
0x76410000 - 0x76509000 	C:\Windows\system32\KERNEL32.DLL
0x757e0000 - 0x758b2000 	C:\Windows\system32\KERNELBASE.dll
0x746b0000 - 0x74749000 	C:\Windows\system32\apphelp.dll
0x570f0000 - 0x57349000 	C:\Windows\AppPatch\AcGenral.DLL
0x75e20000 - 0x75ede000 	C:\Windows\system32\msvcrt.dll
0x75ad0000 - 0x75b0e000 	C:\Windows\SYSTEM32\sechost.dll
0x75500000 - 0x75522000 	C:\Windows\SYSTEM32\SspiCli.dll
0x75ee0000 - 0x75f21000 	C:\Windows\system32\SHLWAPI.dll
0x74790000 - 0x74871000 	C:\Windows\SYSTEM32\UxTheme.dll
0x777d0000 - 0x7791b000 	C:\Windows\system32\USER32.dll
0x77ad0000 - 0x77bd9000 	C:\Windows\system32\GDI32.dll
0x6fb20000 - 0x6fb40000 	C:\Windows\SYSTEM32\WINMM.dll
0x708d0000 - 0x708e2000 	C:\Windows\SYSTEM32\samcli.dll
0x76300000 - 0x7640c000 	C:\Windows\system32\ole32.dll
0x75f40000 - 0x75fc7000 	C:\Windows\system32\OLEAUT32.dll
0x71800000 - 0x71815000 	C:\Windows\SYSTEM32\MSACM32.dll
0x708b0000 - 0x708b8000 	C:\Windows\SYSTEM32\VERSION.dll
0x76610000 - 0x777d0000 	C:\Windows\system32\SHELL32.dll
0x74ec0000 - 0x74ed9000 	C:\Windows\SYSTEM32\USERENV.dll
0x73b90000 - 0x73ba8000 	C:\Windows\SYSTEM32\dwmapi.dll
0x702b0000 - 0x703d0000 	C:\Windows\SYSTEM32\urlmon.dll
0x76130000 - 0x761a8000 	C:\Windows\system32\ADVAPI32.dll
0x66440000 - 0x6649e000 	C:\Windows\SYSTEM32\WINSPOOL.DRV
0x65970000 - 0x65984000 	C:\Windows\SYSTEM32\MPR.dll
0x76050000 - 0x76114000 	C:\Windows\system32\RPCRT4.dll
0x761b0000 - 0x762fe000 	C:\Windows\SYSTEM32\combase.dll
0x6e8c0000 - 0x6e8e0000 	C:\Windows\SYSTEM32\WINMMBASE.dll
0x75720000 - 0x7572e000 	C:\Windows\SYSTEM32\profapi.dll
0x70090000 - 0x702a9000 	C:\Windows\SYSTEM32\iertutil.dll
0x6fde0000 - 0x6ff9d000 	C:\Windows\SYSTEM32\WININET.dll
0x75760000 - 0x7579a000 	C:\Windows\SYSTEM32\cfgmgr32.dll
0x748c0000 - 0x748df000 	C:\Windows\SYSTEM32\DEVOBJ.dll
0x75d90000 - 0x75e06000 	C:\Windows\system32\SHCORE.DLL
0x75b60000 - 0x75b85000 	C:\Windows\system32\IMM32.DLL
0x76510000 - 0x76607000 	C:\Windows\system32\MSCTF.dll
0x735f0000 - 0x737d6000 	C:\Windows\WinSxS\x86_microsoft.windows.common-controls_6595b64144ccf1df_6.0.9600.17031_none_a9efdb8b01377ea7\COMCTL32.dll
0x66e90000 - 0x66f4f000 	C:\Program Files\Java\jre7\bin\msvcr100.dll
0x56250000 - 0x565d8000 	C:\Program Files\Java\jre7\bin\client\jvm.dll
0x6e860000 - 0x6e868000 	C:\Windows\SYSTEM32\WSOCK32.dll
0x75f30000 - 0x75f36000 	C:\Windows\system32\PSAPI.DLL
0x75d40000 - 0x75d8d000 	C:\Windows\system32\WS2_32.dll
0x75e10000 - 0x75e17000 	C:\Windows\system32\NSI.dll
0x66c70000 - 0x66c7c000 	C:\Program Files\Java\jre7\bin\verify.dll
0x60ec0000 - 0x60ee0000 	C:\Program Files\Java\jre7\bin\java.dll
0x5bc00000 - 0x5bc13000 	C:\Program Files\Java\jre7\bin\zip.dll
0x6d5c0000 - 0x6d708000 	C:\Windows\SYSTEM32\dbghelp.dll

VM Arguments:
jvm_args: -Dfile.encoding=Cp1252 -Xbootclasspath:D:\Android\adt-bundle-windows-x86-20140702\sdk\platforms\android-19\android.jar 
java_command: com.banqtech.ormlite.DatabaseConfigUtil
Launcher Type: SUN_STANDARD

Environment Variables:
JAVA_HOME=C:\Program Files\Java\jdk1.7.0_60
PATH=C:/Program Files/Java/jre7/bin/client;C:/Program Files/Java/jre7/bin;C:/Program Files/Java/jre7/lib/i386;C:\Windows\system32;C:\Windows;C:\Windows\System32\Wbem;C:\Windows\System32\WindowsPowerShell\v1.0\;JAVA_HOME\bin;C:\Program Files\MySQL\MySQL Utilities 1.3.6\;C:\Program Files\Apache Software Foundation\apache-maven-3.2.1\bin;C:\Program Files\Java\jdk1.7.0_60\bin;C:\Program Files\Notepad++;D:\Android\adt-bundle-windows-x86-20140702\eclipse;
USERNAME=Tsedendamba
OS=Windows_NT
PROCESSOR_IDENTIFIER=x86 Family 6 Model 58 Stepping 9, GenuineIntel



---------------  S Y S T E M  ---------------

OS: Windows 8.1 Build 9600 

CPU:total 4 (2 cores per cpu, 2 threads per core) family 6 model 58 stepping 9, cmov, cx8, fxsr, mmx, sse, sse2, sse3, ssse3, sse4.1, sse4.2, popcnt, avx, erms, ht, tsc, tscinvbit, tscinv

Memory: 4k page, physical 1782400k(252536k free), swap 4010624k(1183096k free)

vm_info: Java HotSpot(TM) Client VM (24.60-b09) for windows-x86 JRE (1.7.0_60-b19), built on May  7 2014 13:09:52 by "java_re" with unknown MS VC++:1600

time: Wed Aug 06 12:41:14 2014
elapsed time: 0 seconds

